                              1 ;--------------------------------------------------------
                              2 ; File Created by SDCC : free open source ANSI-C Compiler
                              3 ; Version 3.6.8 #9946 (Linux)
                              4 ;--------------------------------------------------------
                              5 	.module main
                              6 	.optsdcc -mz80
                              7 	
                              8 ;--------------------------------------------------------
                              9 ; Public variables in this module
                             10 ;--------------------------------------------------------
                             11 	.globl _main
                             12 	.globl _cpct_divideby10
                             13 	.globl _x
                             14 ;--------------------------------------------------------
                             15 ; special function registers
                             16 ;--------------------------------------------------------
                             17 ;--------------------------------------------------------
                             18 ; ram data
                             19 ;--------------------------------------------------------
                             20 	.area _DATA
   0000                      21 _x::
   0000                      22 	.ds 1
                             23 ;--------------------------------------------------------
                             24 ; ram data
                             25 ;--------------------------------------------------------
                             26 	.area _INITIALIZED
                             27 ;--------------------------------------------------------
                             28 ; absolute external ram data
                             29 ;--------------------------------------------------------
                             30 	.area _DABS (ABS)
                             31 ;--------------------------------------------------------
                             32 ; global & static initialisations
                             33 ;--------------------------------------------------------
                             34 	.area _HOME
                             35 	.area _GSINIT
                             36 	.area _GSFINAL
                             37 	.area _GSINIT
                             38 ;--------------------------------------------------------
                             39 ; Home
                             40 ;--------------------------------------------------------
                             41 	.area _HOME
                             42 	.area _HOME
                             43 ;--------------------------------------------------------
                             44 ; code
                             45 ;--------------------------------------------------------
                             46 	.area _CODE
                             47 ;src/main.c:22: void main(void) {
                             48 ;	---------------------------------
                             49 ; Function main
                             50 ; ---------------------------------
   0000                      51 _main::
                             52 ;src/main.c:26: x  =  cpct_divideby10(200);
   0000 3E C8         [ 7]   53 	ld	a, #0xc8
   0002 F5            [11]   54 	push	af
   0003 33            [ 6]   55 	inc	sp
   0004 CDr00r00      [17]   56 	call	_cpct_divideby10
   0007 33            [ 6]   57 	inc	sp
   0008 FD 21r00r00   [14]   58 	ld	iy, #_x
   000C FD 75 00      [19]   59 	ld	0 (iy), l
                             60 ;src/main.c:28: cpct_divideby10_asm();
   000F CDr00r00      [17]   61 	call	_cpct_divideby10_asm
                             62 ;src/main.c:29: while (1);
   0012                      63 00102$:
   0012 18 FE         [12]   64 	jr	00102$
                             65 	.area _CODE
                             66 	.area _INITIALIZER
                             67 	.area _CABS (ABS)
